<?xml version="1.0" encoding="UTF-8"?>
<!-- Generated by org.testng.reporters.JUnitReportReporter -->
<testsuite skipped="0" hostname="IN-LT71049" name="Test.Testng" tests="1" failures="0" timestamp="2020-01-18T22:09:43 IST" time="0.013" errors="0">
  <testcase name="demo" time="0.013" classname="Test.Testng"/>
</testsuite> <!-- Test.Testng -->
